Name                                                                                                    Stmts   Miss  Cover   Missing
-------------------------------------------------------------------------------------------------------------------------------------
advanced_js_mapping/__init__.py                                                                             0      0   100%
advanced_js_mapping/admin.py                                                                               30      0   100%
advanced_js_mapping/apps.py                                                                                 4      0   100%
advanced_js_mapping/migrations/0001_initial.py                                                              6      0   100%
advanced_js_mapping/migrations/__init__.py                                                                  0      0   100%
advanced_js_mapping/models.py                                                                              59      8    86%   51, 56-58, 63-65, 70
authentication/__init__.py                                                                                  0      0   100%
authentication/admin.py                                                                                     1      0   100%
authentication/apps.py                                                                                      4      0   100%
authentication/migrations/__init__.py                                                                       0      0   100%
authentication/models.py                                                                                    1      0   100%
dashboard/__init__.py                                                                                       0      0   100%
dashboard/admin.py                                                                                          1      0   100%
dashboard/apps.py                                                                                           4      0   100%
dashboard/migrations/__init__.py                                                                            0      0   100%
dashboard/models.py                                                                                         1      0   100%
manage.py                                                                                                  23      4    83%   19-20, 27-28
maps/__init__.py                                                                                            0      0   100%
maps/apps.py                                                                                                4      0   100%
maps/management/__init__.py                                                                                 0      0   100%
maps/models.py                                                                                              9      1    89%   13
trails_api/__init__.py                                                                                      0      0   100%
trails_api/admin.py                                                                                        82      9    89%   65, 104, 143-144, 148, 152, 156, 193, 238
trails_api/apps.py                                                                                          4      0   100%
trails_api/filters.py                                                                                      13      0   100%
trails_api/management/__init__.py                                                                           0      0   100%
trails_api/migrations/0001_initial.py                                                                       7      0   100%
trails_api/migrations/0002_alter_city_options_and_more.py                                                   5      0   100%
trails_api/migrations/0003_city_area_km2_city_description.py                                                4      0   100%
trails_api/migrations/0004_rename_trails_api__name_17129a_idx_trails_api__name_aa52d5_idx_and_more.py       4      0   100%
trails_api/migrations/0005_trail_delete_city.py                                                             5      0   100%
trails_api/migrations/0006_alter_trail_options_trail_trails_api_county_idx_and_more.py                      4      0   100%
trails_api/migrations/0007_trail_activity_trail_dogs_allowed_trail_facilities_and_more.py                   5      0   100%
trails_api/migrations/0008_alter_trail_difficulty_alter_trail_distance_km.py                                4      0   100%
trails_api/migrations/0009_trail_parking_available.py                                                       4      0   100%
trails_api/migrations/0010_trail_path_alter_trail_start_point.py                                            5      0   100%
trails_api/migrations/0011_town.py                                                                          5      0   100%
trails_api/migrations/0012_town_area_town_population_town_town_type.py                                      4      0   100%
trails_api/migrations/0013_alter_trail_dogs_allowed.py                                                      4      0   100%
trails_api/migrations/0014_clean_dogs_allowed.py                                                           13      4    69%   10, 21-24
trails_api/migrations/0015_alter_town_options_town_country_town_created_at_and_more.py                      7      0   100%
trails_api/migrations/0016_poi_boundaries.py                                                                5      0   100%
trails_api/migrations/0017_rename_poi_type_county_idx_trails_api__poi_typ_718084_idx_and_more.py            5      0   100%
trails_api/migrations/0018_alter_trail_path.py                                                              5      0   100%
trails_api/migrations/0019_rename_geographicboundary_rivers_alter_rivers_table.py                           4      0   100%
trails_api/migrations/0020_accommodation_trail_status.py                                                    5      0   100%
trails_api/migrations/0021_rename_accommodation_source_accommodation_source_and_more.py                     4      0   100%
trails_api/migrations/0022_rename_accommodation_source_accommodation_source_and_more.py                     5      0   100%
trails_api/migrations/__init__.py                                                                           0      0   100%
trails_api/models.py                                                                                      194     42    78%   15, 21-24, 29-31, 79-80, 164, 169-173, 252, 257, 262-264, 308, 312, 316, 320, 358, 363-372, 400, 405, 409, 441, 445, 449, 453-455
trails_api/serializers.py                                                                                 121     10    92%   57, 61, 117-121, 226-228
trails_api/tests/__init__.py                                                                                0      0   100%
trails_api/tests/test_api.py                                                                               52      0   100%
trails_api/tests/test_filters.py                                                                           18      0   100%
trails_api/tests/test_integration.py                                                                       53      0   100%
trails_api/tests/test_models.py                                                                            18      0   100%
trails_api/tests/test_views.py                                                                             91      0   100%
trails_api/urls.py                                                                                          6      0   100%
trails_api/views.py                                                                                       656    332    49%   49-58, 68, 102, 104, 106, 126-130, 158, 196-197, 208-224, 251-267, 275, 281, 293, 295, 297, 311-322, 332-357, 375, 377, 379, 381, 383, 401-414, 420-426, 432-437, 444-446, 453, 457, 468, 483-484, 528-531, 538-560, 567-612, 632-653, 660-679, 688-697, 704-726, 733, 774-781, 787-832, 847-978, 988-992, 1004-1027, 1061-1078, 1089-1098, 1115-1183, 1207, 1210-1211, 1214, 1228-1229, 1257-1259, 1272, 1340-1358, 1372-1388, 1429-1432, 1446-1483
webmapping_project/__init__.py                                                                              0      0   100%
webmapping_project/settings.py                                                                             85     25    71%   23-24, 29-31, 48-51, 82-84, 180-234
webmapping_project/settings_test_local.py                                                                   7      0   100%
webmapping_project/urls_test_local.py                                                                       2      0   100%
-------------------------------------------------------------------------------------------------------------------------------------
TOTAL                                                                                                    1662    435    74%
